This file contains any messages produced by compilers while
running configure, to aid debugging if configure makes a mistake.

It was created by sev-tool configure 1.7, which was
generated by GNU Autoconf 2.69.  Invocation command line was

  $ ./configure 

## --------- ##
## Platform. ##
## --------- ##

hostname = sect-zen3
uname -m = x86_64
uname -r = 6.3.0-rc2-snp-host-e4afde39795b
uname -s = Linux
uname -v = #2 SMP Mon Jul 24 12:30:01 CDT 2023

/usr/bin/uname -p = unknown
/bin/uname -X     = unknown

/bin/arch              = x86_64
/usr/bin/arch -k       = unknown
/usr/convex/getsysinfo = unknown
/usr/bin/hostinfo      = unknown
/bin/machine           = unknown
/usr/bin/oslevel       = unknown
/bin/universe          = unknown

PATH: /home/naomi/.vscode-server/bin/2ccd690cbff1569e4a83d7c43d45101f817401dc/bin/remote-cli
PATH: /usr/local/bin
PATH: /usr/bin
PATH: /bin
PATH: /usr/local/games
PATH: /usr/games


## ----------- ##
## Core tests. ##
## ----------- ##

configure:1994: checking for gcc
configure:2010: found /usr/bin/gcc
configure:2021: result: gcc
configure:2250: checking for C compiler version
configure:2259: gcc --version >&5
gcc (Debian 10.2.1-6) 10.2.1 20210110
Copyright (C) 2020 Free Software Foundation, Inc.
This is free software; see the source for copying conditions.  There is NO
warranty; not even for MERCHANTABILITY or FITNESS FOR A PARTICULAR PURPOSE.

configure:2270: $? = 0
configure:2259: gcc -v >&5
Using built-in specs.
COLLECT_GCC=gcc
COLLECT_LTO_WRAPPER=/usr/lib/gcc/x86_64-linux-gnu/10/lto-wrapper
OFFLOAD_TARGET_NAMES=nvptx-none:amdgcn-amdhsa:hsa
OFFLOAD_TARGET_DEFAULT=1
Target: x86_64-linux-gnu
Configured with: ../src/configure -v --with-pkgversion='Debian 10.2.1-6' --with-bugurl=file:///usr/share/doc/gcc-10/README.Bugs --enable-languages=c,ada,c++,go,brig,d,fortran,objc,obj-c++,m2 --prefix=/usr --with-gcc-major-version-only --program-suffix=-10 --program-prefix=x86_64-linux-gnu- --enable-shared --enable-linker-build-id --libexecdir=/usr/lib --without-included-gettext --enable-threads=posix --libdir=/usr/lib --enable-nls --enable-bootstrap --enable-clocale=gnu --enable-libstdcxx-debug --enable-libstdcxx-time=yes --with-default-libstdcxx-abi=new --enable-gnu-unique-object --disable-vtable-verify --enable-plugin --enable-default-pie --with-system-zlib --enable-libphobos-checking=release --with-target-system-zlib=auto --enable-objc-gc=auto --enable-multiarch --disable-werror --with-arch-32=i686 --with-abi=m64 --with-multilib-list=m32,m64,mx32 --enable-multilib --with-tune=generic --enable-offload-targets=nvptx-none=/build/gcc-10-Km9U7s/gcc-10-10.2.1/debian/tmp-nvptx/usr,amdgcn-amdhsa=/build/gcc-10-Km9U7s/gcc-10-10.2.1/debian/tmp-gcn/usr,hsa --without-cuda-driver --enable-checking=release --build=x86_64-linux-gnu --host=x86_64-linux-gnu --target=x86_64-linux-gnu --with-build-config=bootstrap-lto-lean --enable-link-mutex
Thread model: posix
Supported LTO compression algorithms: zlib zstd
gcc version 10.2.1 20210110 (Debian 10.2.1-6) 
... rest of stderr output deleted ...
configure:2270: $? = 0
configure:2259: gcc -V >&5
gcc: error: unrecognized command-line option '-V'
gcc: fatal error: no input files
compilation terminated.
configure:2270: $? = 1
configure:2259: gcc -qversion >&5
gcc: error: unrecognized command-line option '-qversion'; did you mean '--version'?
gcc: fatal error: no input files
compilation terminated.
configure:2270: $? = 1
configure:2290: checking whether the C compiler works
configure:2312: gcc    conftest.c  >&5
configure:2316: $? = 0
configure:2364: result: yes
configure:2367: checking for C compiler default output file name
configure:2369: result: a.out
configure:2375: checking for suffix of executables
configure:2382: gcc -o conftest    conftest.c  >&5
configure:2386: $? = 0
configure:2408: result: 
configure:2430: checking whether we are cross compiling
configure:2438: gcc -o conftest    conftest.c  >&5
configure:2442: $? = 0
configure:2449: ./conftest
configure:2453: $? = 0
configure:2468: result: no
configure:2473: checking for suffix of object files
configure:2495: gcc -c   conftest.c >&5
configure:2499: $? = 0
configure:2520: result: o
configure:2524: checking whether we are using the GNU C compiler
configure:2543: gcc -c   conftest.c >&5
configure:2543: $? = 0
configure:2552: result: yes
configure:2561: checking whether gcc accepts -g
configure:2581: gcc -c -g  conftest.c >&5
configure:2581: $? = 0
configure:2622: result: yes
configure:2639: checking for gcc option to accept ISO C89
configure:2702: gcc  -c -g -O2  conftest.c >&5
configure:2702: $? = 0
configure:2715: result: none needed
configure:2740: checking whether gcc understands -c and -o together
configure:2762: gcc -c conftest.c -o conftest2.o
configure:2765: $? = 0
configure:2762: gcc -c conftest.c -o conftest2.o
configure:2765: $? = 0
configure:2777: result: yes
configure:2795: checking for library containing EVP_PKEY_base_id
configure:2826: gcc -o conftest -g -O2   conftest.c  >&5
/usr/bin/ld: /tmp/ccMPGcuy.o: in function `main':
/home/naomi/naos-sev-tool/conftest.c:20: undefined reference to `EVP_PKEY_base_id'
collect2: error: ld returned 1 exit status
configure:2826: $? = 1
configure: failed program was:
| /* confdefs.h */
| #define PACKAGE_NAME "sev-tool"
| #define PACKAGE_TARNAME "sev-tool"
| #define PACKAGE_VERSION "1.7"
| #define PACKAGE_STRING "sev-tool 1.7"
| #define PACKAGE_BUGREPORT ""
| #define PACKAGE_URL ""
| /* end confdefs.h.  */
| 
| /* Override any GCC internal prototype to avoid an error.
|    Use char because int might match the return type of a GCC
|    builtin and then its argument prototype would still apply.  */
| #ifdef __cplusplus
| extern "C"
| #endif
| char EVP_PKEY_base_id ();
| int
| main ()
| {
| return EVP_PKEY_base_id ();
|   ;
|   return 0;
| }
configure:2826: gcc -o conftest -g -O2   conftest.c -lcrypto   >&5
configure:2826: $? = 0
configure:2843: result: -lcrypto
configure:2931: checking for a BSD-compatible install
configure:2999: result: /usr/bin/install -c
configure:3010: checking whether build environment is sane
configure:3065: result: yes
configure:3208: checking for a thread-safe mkdir -p
configure:3247: result: /usr/bin/mkdir -p
configure:3254: checking for gawk
configure:3284: result: no
configure:3254: checking for mawk
configure:3270: found /usr/bin/mawk
configure:3281: result: mawk
configure:3292: checking whether make sets $(MAKE)
configure:3314: result: yes
configure:3336: checking whether make supports the include directive
configure:3351: make -f confmf.GNU && cat confinc.out
this is the am__doit target
configure:3354: $? = 0
configure:3373: result: yes (GNU style)
configure:3406: checking whether make supports nested variables
configure:3423: result: yes
configure:3508: checking dependency style of gcc
configure:3619: result: gcc3
configure:3682: checking build system type
configure:3696: result: x86_64-pc-linux-gnu
configure:3716: checking host system type
configure:3729: result: x86_64-pc-linux-gnu
configure:3852: checking for g++
configure:3868: found /usr/bin/g++
configure:3879: result: g++
configure:3906: checking for C++ compiler version
configure:3915: g++ --version >&5
g++ (Debian 10.2.1-6) 10.2.1 20210110
Copyright (C) 2020 Free Software Foundation, Inc.
This is free software; see the source for copying conditions.  There is NO
warranty; not even for MERCHANTABILITY or FITNESS FOR A PARTICULAR PURPOSE.

configure:3926: $? = 0
configure:3915: g++ -v >&5
Using built-in specs.
COLLECT_GCC=g++
COLLECT_LTO_WRAPPER=/usr/lib/gcc/x86_64-linux-gnu/10/lto-wrapper
OFFLOAD_TARGET_NAMES=nvptx-none:amdgcn-amdhsa:hsa
OFFLOAD_TARGET_DEFAULT=1
Target: x86_64-linux-gnu
Configured with: ../src/configure -v --with-pkgversion='Debian 10.2.1-6' --with-bugurl=file:///usr/share/doc/gcc-10/README.Bugs --enable-languages=c,ada,c++,go,brig,d,fortran,objc,obj-c++,m2 --prefix=/usr --with-gcc-major-version-only --program-suffix=-10 --program-prefix=x86_64-linux-gnu- --enable-shared --enable-linker-build-id --libexecdir=/usr/lib --without-included-gettext --enable-threads=posix --libdir=/usr/lib --enable-nls --enable-bootstrap --enable-clocale=gnu --enable-libstdcxx-debug --enable-libstdcxx-time=yes --with-default-libstdcxx-abi=new --enable-gnu-unique-object --disable-vtable-verify --enable-plugin --enable-default-pie --with-system-zlib --enable-libphobos-checking=release --with-target-system-zlib=auto --enable-objc-gc=auto --enable-multiarch --disable-werror --with-arch-32=i686 --with-abi=m64 --with-multilib-list=m32,m64,mx32 --enable-multilib --with-tune=generic --enable-offload-targets=nvptx-none=/build/gcc-10-Km9U7s/gcc-10-10.2.1/debian/tmp-nvptx/usr,amdgcn-amdhsa=/build/gcc-10-Km9U7s/gcc-10-10.2.1/debian/tmp-gcn/usr,hsa --without-cuda-driver --enable-checking=release --build=x86_64-linux-gnu --host=x86_64-linux-gnu --target=x86_64-linux-gnu --with-build-config=bootstrap-lto-lean --enable-link-mutex
Thread model: posix
Supported LTO compression algorithms: zlib zstd
gcc version 10.2.1 20210110 (Debian 10.2.1-6) 
... rest of stderr output deleted ...
configure:3926: $? = 0
configure:3915: g++ -V >&5
g++: error: unrecognized command-line option '-V'
g++: fatal error: no input files
compilation terminated.
configure:3926: $? = 1
configure:3915: g++ -qversion >&5
g++: error: unrecognized command-line option '-qversion'; did you mean '--version'?
g++: fatal error: no input files
compilation terminated.
configure:3926: $? = 1
configure:3930: checking whether we are using the GNU C++ compiler
configure:3949: g++ -c   conftest.cpp >&5
configure:3949: $? = 0
configure:3958: result: yes
configure:3967: checking whether g++ accepts -g
configure:3987: g++ -c -g  conftest.cpp >&5
configure:3987: $? = 0
configure:4028: result: yes
configure:4053: checking dependency style of g++
configure:4164: result: gcc3
configure:4320: checking that generated files are newer than configure
configure:4326: result: done
configure:4365: creating ./config.status

## ---------------------- ##
## Running config.status. ##
## ---------------------- ##

This file was extended by sev-tool config.status 1.7, which was
generated by GNU Autoconf 2.69.  Invocation command line was

  CONFIG_FILES    = 
  CONFIG_HEADERS  = 
  CONFIG_LINKS    = 
  CONFIG_COMMANDS = 
  $ ./config.status 

on sect-zen3

config.status:794: creating Makefile
config.status:794: creating src/Makefile
config.status:966: executing depfiles commands
config.status:1043: cd src       && sed -e '/# am--include-marker/d' Makefile         | make -f - am--depfiles
make: Nothing to be done for 'am--depfiles'.
config.status:1048: $? = 0

## ---------------- ##
## Cache variables. ##
## ---------------- ##

ac_cv_build=x86_64-pc-linux-gnu
ac_cv_c_compiler_gnu=yes
ac_cv_cxx_compiler_gnu=yes
ac_cv_env_CCC_set=
ac_cv_env_CCC_value=
ac_cv_env_CC_set=
ac_cv_env_CC_value=
ac_cv_env_CFLAGS_set=
ac_cv_env_CFLAGS_value=
ac_cv_env_CPPFLAGS_set=
ac_cv_env_CPPFLAGS_value=
ac_cv_env_CXXFLAGS_set=
ac_cv_env_CXXFLAGS_value=
ac_cv_env_CXX_set=
ac_cv_env_CXX_value=
ac_cv_env_LDFLAGS_set=
ac_cv_env_LDFLAGS_value=
ac_cv_env_LIBS_set=
ac_cv_env_LIBS_value=
ac_cv_env_build_alias_set=
ac_cv_env_build_alias_value=
ac_cv_env_host_alias_set=
ac_cv_env_host_alias_value=
ac_cv_env_target_alias_set=
ac_cv_env_target_alias_value=
ac_cv_host=x86_64-pc-linux-gnu
ac_cv_objext=o
ac_cv_path_install='/usr/bin/install -c'
ac_cv_path_mkdir=/usr/bin/mkdir
ac_cv_prog_AWK=mawk
ac_cv_prog_ac_ct_CC=gcc
ac_cv_prog_ac_ct_CXX=g++
ac_cv_prog_cc_c89=
ac_cv_prog_cc_g=yes
ac_cv_prog_cxx_g=yes
ac_cv_prog_make_make_set=yes
ac_cv_search_EVP_PKEY_base_id=-lcrypto
am_cv_CC_dependencies_compiler_type=gcc3
am_cv_CXX_dependencies_compiler_type=gcc3
am_cv_make_support_nested_variables=yes
am_cv_prog_cc_c_o=yes

## ----------------- ##
## Output variables. ##
## ----------------- ##

ACLOCAL='${SHELL} '\''/home/naomi/naos-sev-tool/build-aux/missing'\'' aclocal-1.16'
AMDEPBACKSLASH='\'
AMDEP_FALSE='#'
AMDEP_TRUE=''
AMTAR='$${TAR-tar}'
AM_BACKSLASH='\'
AM_DEFAULT_V='$(AM_DEFAULT_VERBOSITY)'
AM_DEFAULT_VERBOSITY='1'
AM_V='$(V)'
AUTOCONF='${SHELL} '\''/home/naomi/naos-sev-tool/build-aux/missing'\'' autoconf'
AUTOHEADER='${SHELL} '\''/home/naomi/naos-sev-tool/build-aux/missing'\'' autoheader'
AUTOMAKE='${SHELL} '\''/home/naomi/naos-sev-tool/build-aux/missing'\'' automake-1.16'
AWK='mawk'
CC='gcc'
CCDEPMODE='depmode=gcc3'
CFLAGS='-g -O2'
CPPFLAGS=''
CXX='g++'
CXXDEPMODE='depmode=gcc3'
CXXFLAGS='-g -O2'
CYGPATH_W='echo'
DEFS='-DPACKAGE_NAME=\"sev-tool\" -DPACKAGE_TARNAME=\"sev-tool\" -DPACKAGE_VERSION=\"1.7\" -DPACKAGE_STRING=\"sev-tool\ 1.7\" -DPACKAGE_BUGREPORT=\"\" -DPACKAGE_URL=\"\" -DPACKAGE=\"sev-tool\" -DVERSION=\"1.7\"'
DEPDIR='.deps'
ECHO_C=''
ECHO_N='-n'
ECHO_T=''
EXEEXT=''
INSTALL_DATA='${INSTALL} -m 644'
INSTALL_PROGRAM='${INSTALL}'
INSTALL_SCRIPT='${INSTALL}'
INSTALL_STRIP_PROGRAM='$(install_sh) -c -s'
LDFLAGS=''
LIBOBJS=''
LIBS='-lcrypto '
LINUX_FALSE='#'
LINUX_TRUE=''
LTLIBOBJS=''
MAKEINFO='${SHELL} '\''/home/naomi/naos-sev-tool/build-aux/missing'\'' makeinfo'
MKDIR_P='/usr/bin/mkdir -p'
OBJEXT='o'
OSX_FALSE=''
OSX_TRUE='#'
PACKAGE='sev-tool'
PACKAGE_BUGREPORT=''
PACKAGE_NAME='sev-tool'
PACKAGE_STRING='sev-tool 1.7'
PACKAGE_TARNAME='sev-tool'
PACKAGE_URL=''
PACKAGE_VERSION='1.7'
PATH_SEPARATOR=':'
SET_MAKE=''
SHELL='/bin/bash'
STRIP=''
VERSION='1.7'
WINDOWS_FALSE=''
WINDOWS_TRUE='#'
ac_ct_CC='gcc'
ac_ct_CXX='g++'
am__EXEEXT_FALSE=''
am__EXEEXT_TRUE='#'
am__fastdepCC_FALSE='#'
am__fastdepCC_TRUE=''
am__fastdepCXX_FALSE='#'
am__fastdepCXX_TRUE=''
am__include='include'
am__isrc=''
am__leading_dot='.'
am__nodep='_no'
am__quote=''
am__tar='$${TAR-tar} chof - "$$tardir"'
am__untar='$${TAR-tar} xf -'
bindir='${exec_prefix}/bin'
build='x86_64-pc-linux-gnu'
build_alias=''
build_cpu='x86_64'
build_os='linux-gnu'
build_vendor='pc'
datadir='${datarootdir}'
datarootdir='${prefix}/share'
docdir='${datarootdir}/doc/${PACKAGE_TARNAME}'
dvidir='${docdir}'
exec_prefix='${prefix}'
host='x86_64-pc-linux-gnu'
host_alias=''
host_cpu='x86_64'
host_os='linux-gnu'
host_vendor='pc'
htmldir='${docdir}'
includedir='${prefix}/include'
infodir='${datarootdir}/info'
install_sh='${SHELL} /home/naomi/naos-sev-tool/build-aux/install-sh'
libdir='${exec_prefix}/lib'
libexecdir='${exec_prefix}/libexec'
localedir='${datarootdir}/locale'
localstatedir='${prefix}/var'
mandir='${datarootdir}/man'
mkdir_p='$(MKDIR_P)'
oldincludedir='/usr/include'
pdfdir='${docdir}'
prefix='/usr/local'
program_transform_name='s,x,x,'
psdir='${docdir}'
runstatedir='${localstatedir}/run'
sbindir='${exec_prefix}/sbin'
sharedstatedir='${prefix}/com'
sysconfdir='${prefix}/etc'
target_alias=''

## ----------- ##
## confdefs.h. ##
## ----------- ##

/* confdefs.h */
#define PACKAGE_NAME "sev-tool"
#define PACKAGE_TARNAME "sev-tool"
#define PACKAGE_VERSION "1.7"
#define PACKAGE_STRING "sev-tool 1.7"
#define PACKAGE_BUGREPORT ""
#define PACKAGE_URL ""
#define PACKAGE "sev-tool"
#define VERSION "1.7"

configure: exit 0
